This file contains any messages produced by compilers while
running configure, to aid debugging if configure makes a mistake.

configure:593: checking host system type
configure:614: checking target system type
configure:632: checking build system type
configure:694: checking for a BSD compatible install
configure:747: checking whether build environment is sane
configure:804: checking whether make sets ${MAKE}
configure:850: checking for working aclocal
configure:863: checking for working autoconf
configure:876: checking for working automake
configure:889: checking for working autoheader
configure:902: checking for working makeinfo
configure:978: checking for glib-config
configure:1013: checking for GLIB - version >= 1.1.13
configure:1207: checking whether to enable maintainer-specific portions of Makefiles
configure:1233: checking for gcc
configure:1346: checking whether the C compiler (gcc  ) works
configure:1362: gcc -o conftest    conftest.c  1>&5
configure:1388: checking whether the C compiler (gcc  ) is a cross-compiler
configure:1393: checking whether we are using GNU C
configure:1402: gcc -E conftest.c
configure:1421: checking whether gcc accepts -g
configure:1453: checking how to run the C preprocessor
configure:1474: gcc -E  conftest.c >/dev/null 2>conftest.out
configure:1533: checking for ANSI C header files
configure:1546: gcc -E  conftest.c >/dev/null 2>conftest.out
configure:1613: gcc -o conftest -g -O2   conftest.c  1>&5
configure:1637: checking how to run the C preprocessor
configure:1721: checking for c++
configure:1753: checking whether the C++ compiler (c++  ) works
configure:1769: c++ -o conftest    conftest.C  1>&5
configure:1795: checking whether the C++ compiler (c++  ) is a cross-compiler
configure:1800: checking whether we are using GNU C++
configure:1809: c++ -E conftest.C
configure:1828: checking whether c++ accepts -g
configure:1860: checking how to run the C++ preprocessor
configure:1878: c++ -E  conftest.C >/dev/null 2>conftest.out
configure:1921: checking for snprintf
configure:1952: c++ -o conftest -g -O2 -D_INCLUDE_POSIX_SOURCE -ansi -pedantic -Wall   conftest.C  1>&5
C:\TEMP\cc7eSF2a.o: In function `main':
//d/triasdev.mvc/statist/goose/configure:1946: undefined reference to `snprintf'
collect2: ld returned 1 exit status
configure: failed program was:
#line 1926 "configure"
#include "confdefs.h"
/* System header to define __stub macros and hopefully few prototypes,
    which can conflict with char snprintf(); below.  */
#include <assert.h>
/* Override any gcc2 internal prototype to avoid an error.  */
#ifdef __cplusplus
extern "C"
#endif
/* We use char because int might match the return type of a gcc2
    builtin and then its argument prototype would still apply.  */
char snprintf();

int main() {

/* The GNU C library defines this for functions which it implements
    to always fail with ENOSYS.  Some functions are actually named
    something starting with __ and the normal name is an alias.  */
#if defined (__stub_snprintf) || defined (__stub___snprintf)
choke me
#else
snprintf();
#endif

; return 0; }
configure:1979: checking for erf
configure:2010: c++ -o conftest -g -O2 -D_INCLUDE_POSIX_SOURCE -ansi -pedantic -Wall   conftest.C  1>&5
configure:2037: checking for isnan
configure:2068: c++ -o conftest -g -O2 -D_INCLUDE_POSIX_SOURCE -ansi -pedantic -Wall   conftest.C  1>&5
configure:2095: checking for isinf
configure:2126: c++ -o conftest -g -O2 -D_INCLUDE_POSIX_SOURCE -ansi -pedantic -Wall   conftest.C  1>&5
configure:2152: checking for pthread_create in -lpthread
configure:2174: c++ -o conftest -g -O2 -D_INCLUDE_POSIX_SOURCE -ansi -pedantic -Wall   conftest.C -lpthread   1>&5
//d/cygnus/CYGWIN~1/H-I586~1/i586-cygwin32/bin/ld: cannot open -lpthread: No such file or directory
collect2: ld returned 1 exit status
configure: failed program was:
#line 2160 "configure"
#include "confdefs.h"
/* Override any gcc2 internal prototype to avoid an error.  */
#ifdef __cplusplus
extern "C"
#endif
/* We use char because int might match the return type of a gcc2
    builtin and then its argument prototype would still apply.  */
char pthread_create();

int main() {
pthread_create()
; return 0; }
configure:2251: checking for ranlib
configure:2290: checking for ld used by GCC
configure:2383: checking if the linker (//d/cygnus/CYGWIN~1/H-I586~1/i586-cygwin32/bin/ld.exe) is GNU ld
GNU ld version 2.9.4 (with BFD 2.9.4)
configure:2399: checking for BSD-compatible nm
configure:2435: checking command to parse //d/cygnus/CYGWIN~1/H-I586~1/bin/nm -B output
configure:2498: c++ -c -g -O2 -D_INCLUDE_POSIX_SOURCE -ansi -pedantic -Wall  conftest.C 1>&5
conftest.C: In function `int main()':
conftest.C:9: warning: statement with no effect
configure:2501: //d/cygnus/CYGWIN~1/H-I586~1/bin/nm -B conftest.o | sed -n -e 's/^.* [ABCDGISTW] _\([_A-Za-z][_A-Za-z0-9]*\)$/_\1 \1/p' > conftest.nm
configure:2559: c++ -o conftest -g -O2 -D_INCLUDE_POSIX_SOURCE -ansi -pedantic -Wall   conftest.C conftestm.o 1>&5
configure:2595: checking for _ prefix in compiled symbols
configure:2604: c++ -c -g -O2 -D_INCLUDE_POSIX_SOURCE -ansi -pedantic -Wall  conftest.C 1>&5
conftest.C: In function `int main()':
conftest.C:2: warning: statement with no effect
configure:2607: //d/cygnus/CYGWIN~1/H-I586~1/bin/nm -B conftest.o | sed -n -e 's/^.* [ABCDGISTW] _\([_A-Za-z][_A-Za-z0-9]*\)$/_\1 \1/p' > conftest.nm
configure:2638: checking whether ln -s works
configure:2737: checking for dlltool
configure:2804: checking for as
ltconfig:552: checking for object suffix
ltconfig:553: gcc -c -g -O2  conftest.c 1>&5
ltconfig:709: checking if gcc supports -c -o file.o
ltconfig:710: gcc -c -g -O2 -c -o conftest2.o  conftest.c 1>&5
ltconfig:737: checking if gcc supports -c -o file.lo
ltconfig:738: gcc -c -g -O2 -c -o conftest.lo  conftest.c 1>&5
ltconfig:789: checking if gcc supports -fno-rtti -fno-exceptions
ltconfig:790: gcc -c -g -O2 -fno-rtti -fno-exceptions -c conftest.c  conftest.c 1>&5
ltconfig:833: checking if gcc static flag -static works
ltconfig:834: gcc -o conftest -g -O2   -static conftest.c  1>&5
GNU ld version 2.9.4 (with BFD 2.9.4)
ltconfig:1425: checking if global_symbol_pipe works
ltconfig:1426: gcc -c -g -O2  conftest.c 1>&5
ltconfig:1429: eval "//d/cygnus/CYGWIN~1/H-I586~1/bin/nm -B conftest.o | sed -n -e 's/^.* [ABCDGISTW] _\([_A-Za-z][_A-Za-z0-9]*\)$/_\1 \1/p' > conftest.nm"
ltconfig:1487: gcc -o conftest -g -O2 -fno-builtin -fno-rtti -fno-exceptions   conftest.c conftestm.o 1>&5
configure:2908: checking for main in -lqthreads
configure:2923: c++ -o conftest -g -O2 -D_INCLUDE_POSIX_SOURCE -ansi -pedantic -Wall   conftest.C -lqthreads   1>&5
configure: In function `int main()':
configure:2919: warning: ANSI C++ forbids calling `main' from within program
configure:2919: warning: taking address of function `main'
//d/cygnus/CYGWIN~1/H-I586~1/i586-cygwin32/bin/ld: cannot open -lqthreads: No such file or directory
collect2: ld returned 1 exit status
configure: failed program was:
#line 2916 "configure"
#include "confdefs.h"

int main() {
main()
; return 0; }
configure:2945: checking for qt_null in -lqt
configure:2967: c++ -o conftest -g -O2 -D_INCLUDE_POSIX_SOURCE -ansi -pedantic -Wall   conftest.C -lqt   1>&5
//d/cygnus/CYGWIN~1/H-I586~1/i586-cygwin32/bin/ld: cannot open -lqt: No such file or directory
collect2: ld returned 1 exit status
configure: failed program was:
#line 2953 "configure"
#include "confdefs.h"
/* Override any gcc2 internal prototype to avoid an error.  */
#ifdef __cplusplus
extern "C"
#endif
/* We use char because int might match the return type of a gcc2
    builtin and then its argument prototype would still apply.  */
char qt_null();

int main() {
qt_null()
; return 0; }
configure:2993: checking for main in -ltermcap
configure:3008: c++ -o conftest -g -O2 -D_INCLUDE_POSIX_SOURCE -ansi -pedantic -Wall   conftest.C -ltermcap   1>&5
configure: In function `int main()':
configure:3004: warning: ANSI C++ forbids calling `main' from within program
configure:3004: warning: taking address of function `main'
configure:3029: checking for main in -lreadline
configure:3044: c++ -o conftest -g -O2 -D_INCLUDE_POSIX_SOURCE -ansi -pedantic -Wall   conftest.C -lreadline -ltermcap  1>&5
configure: In function `int main()':
configure:3040: warning: ANSI C++ forbids calling `main' from within program
configure:3040: warning: taking address of function `main'
configure:3227: checking for guile-config
configure:3274: checking for build-guile
configure:3314: checking for sin in -lm
configure:3336: c++ -o conftest -g -O2 -D_INCLUDE_POSIX_SOURCE -ansi -pedantic -Wall   conftest.C -lm   1>&5
configure:3329: warning: declaration of `char sin()'
configure:3329: warning: conflicts with built-in declaration `double sin(double)'
configure:3377: checking for main in -lrx
configure:3392: c++ -o conftest -g -O2 -D_INCLUDE_POSIX_SOURCE -ansi -pedantic -Wall   conftest.C -lrx  -lm  1>&5
configure: In function `int main()':
configure:3388: warning: ANSI C++ forbids calling `main' from within program
configure:3388: warning: taking address of function `main'
//d/cygnus/CYGWIN~1/H-I586~1/i586-cygwin32/bin/ld: cannot open -lrx: No such file or directory
collect2: ld returned 1 exit status
configure: failed program was:
#line 3385 "configure"
#include "confdefs.h"

int main() {
main()
; return 0; }
configure:3413: checking for main in -lqt
configure:3428: c++ -o conftest -g -O2 -D_INCLUDE_POSIX_SOURCE -ansi -pedantic -Wall   conftest.C -lqt  -lm  1>&5
configure: In function `int main()':
configure:3424: warning: ANSI C++ forbids calling `main' from within program
configure:3424: warning: taking address of function `main'
//d/cygnus/CYGWIN~1/H-I586~1/i586-cygwin32/bin/ld: cannot open -lqt: No such file or directory
collect2: ld returned 1 exit status
configure: failed program was:
#line 3421 "configure"
#include "confdefs.h"

int main() {
main()
; return 0; }
configure:3449: checking for dlopen in -ldl
configure:3471: c++ -o conftest -g -O2 -D_INCLUDE_POSIX_SOURCE -ansi -pedantic -Wall   conftest.C -ldl  -lm  1>&5
//d/cygnus/CYGWIN~1/H-I586~1/i586-cygwin32/bin/ld: cannot open -ldl: No such file or directory
collect2: ld returned 1 exit status
configure: failed program was:
#line 3457 "configure"
#include "confdefs.h"
/* Override any gcc2 internal prototype to avoid an error.  */
#ifdef __cplusplus
extern "C"
#endif
/* We use char because int might match the return type of a gcc2
    builtin and then its argument prototype would still apply.  */
char dlopen();

int main() {
dlopen()
; return 0; }
configure:3492: checking for t_accept in -lnsl
configure:3514: c++ -o conftest -g -O2 -D_INCLUDE_POSIX_SOURCE -ansi -pedantic -Wall   conftest.C -lnsl  -lm  1>&5
//d/cygnus/CYGWIN~1/H-I586~1/i586-cygwin32/bin/ld: cannot open -lnsl: No such file or directory
collect2: ld returned 1 exit status
configure: failed program was:
#line 3500 "configure"
#include "confdefs.h"
/* Override any gcc2 internal prototype to avoid an error.  */
#ifdef __cplusplus
extern "C"
#endif
/* We use char because int might match the return type of a gcc2
    builtin and then its argument prototype would still apply.  */
char t_accept();

int main() {
t_accept()
; return 0; }
configure:3535: checking for socket in -lsocket
configure:3557: c++ -o conftest -g -O2 -D_INCLUDE_POSIX_SOURCE -ansi -pedantic -Wall   conftest.C -lsocket  -lm  1>&5
//d/cygnus/CYGWIN~1/H-I586~1/i586-cygwin32/bin/ld: cannot open -lsocket: No such file or directory
collect2: ld returned 1 exit status
configure: failed program was:
#line 3543 "configure"
#include "confdefs.h"
/* Override any gcc2 internal prototype to avoid an error.  */
#ifdef __cplusplus
extern "C"
#endif
/* We use char because int might match the return type of a gcc2
    builtin and then its argument prototype would still apply.  */
char socket();

int main() {
socket()
; return 0; }
configure:3588: checking whether guile works
configure:3603: c++ -o conftest -g -O2 -D_INCLUDE_POSIX_SOURCE -ansi -pedantic -Wall    conftest.C -lm  -lguile   -lreadline -ltermcap  1>&5
configure:3592: libguile.h: No such file or directory
configure:3593: guile/gh.h: No such file or directory
configure: failed program was:
#line 3590 "configure"
#include "confdefs.h"

	#include <libguile.h>
	#include <guile/gh.h>

int main() {

	gh_eval_str("(newline)");
	scm_boot_guile(0,NULL,NULL,NULL);

; return 0; }
